<?xml version="1.0" encoding="UTF-8"?>
<coverage generated="1641625924529" clover="3.2.0">
  <project timestamp="1641625924529" name="All files">
    <metrics statements="25" coveredstatements="25" conditionals="0" coveredconditionals="0" methods="4" coveredmethods="4" elements="29" coveredelements="29" complexity="0" loc="25" ncloc="25" packages="1" files="2" classes="2"/>
    <file name="alibaba.js" path="/home/adam/projects/SC_Testing_Project/Webscrapers/AlibabaScrapper/alibaba.js">
      <metrics statements="18" coveredstatements="18" conditionals="0" coveredconditionals="0" methods="3" coveredmethods="3"/>
      <line num="1" count="1" type="stmt"/>
      <line num="2" count="1" type="stmt"/>
      <line num="3" count="1" type="stmt"/>
      <line num="4" count="1" type="stmt"/>
      <line num="10" count="1" type="stmt"/>
      <line num="12" count="2" type="stmt"/>
      <line num="13" count="2" type="stmt"/>
      <line num="16" count="2" type="stmt"/>
      <line num="19" count="2" type="stmt"/>
      <line num="20" count="8" type="stmt"/>
      <line num="21" count="8" type="stmt"/>
      <line num="23" count="8" type="stmt"/>
      <line num="24" count="360" type="stmt"/>
      <line num="26" count="360" type="stmt"/>
      <line num="28" count="360" type="stmt"/>
      <line num="31" count="360" type="stmt"/>
      <line num="35" count="2" type="stmt"/>
      <line num="38" count="1" type="stmt"/>
    </file>
    <file name="axiosRequests.js" path="/home/adam/projects/SC_Testing_Project/Webscrapers/AlibabaScrapper/axiosRequests.js">
      <metrics statements="7" coveredstatements="7" conditionals="0" coveredconditionals="0" methods="1" coveredmethods="1"/>
      <line num="1" count="1" type="stmt"/>
      <line num="8" count="1" type="stmt"/>
      <line num="9" count="2" type="stmt"/>
      <line num="10" count="2" type="stmt"/>
      <line num="11" count="8" type="stmt"/>
      <line num="17" count="2" type="stmt"/>
      <line num="20" count="1" type="stmt"/>
    </file>
  </project>
</coverage>
