{"/home/adam/projects/SC_Testing_Project/Webscrapers/AlibabaScrapper/alibaba.js": {"path":"/home/adam/projects/SC_Testing_Project/Webscrapers/AlibabaScrapper/alibaba.js","statementMap":{"0":{"start":{"line":1,"column":16},"end":{"line":1,"column":34}},"1":{"start":{"line":2,"column":14},"end":{"line":2,"column":30}},"2":{"start":{"line":3,"column":23},"end":{"line":3,"column":51}},"3":{"start":{"line":4,"column":22},"end":{"line":4,"column":48}},"4":{"start":{"line":10,"column":24},"end":{"line":36,"column":1}},"5":{"start":{"line":12,"column":24},"end":{"line":12,"column":44}},"6":{"start":{"line":13,"column":23},"end":{"line":13,"column":38}},"7":{"start":{"line":16,"column":18},"end":{"line":16,"column":49}},"8":{"start":{"line":19,"column":2},"end":{"line":33,"column":5}},"9":{"start":{"line":20,"column":17},"end":{"line":20,"column":34}},"10":{"start":{"line":21,"column":14},"end":{"line":21,"column":32}},"11":{"start":{"line":23,"column":4},"end":{"line":32,"column":7}},"12":{"start":{"line":24,"column":20},"end":{"line":24,"column":78}},"13":{"start":{"line":26,"column":20},"end":{"line":26,"column":76}},"14":{"start":{"line":28,"column":19},"end":{"line":28,"column":47}},"15":{"start":{"line":31,"column":6},"end":{"line":31,"column":45}},"16":{"start":{"line":35,"column":2},"end":{"line":35,"column":23}},"17":{"start":{"line":38,"column":0},"end":{"line":38,"column":33}}},"fnMap":{"0":{"name":"(anonymous_0)","decl":{"start":{"line":10,"column":24},"end":{"line":10,"column":25}},"loc":{"start":{"line":10,"column":36},"end":{"line":36,"column":1}},"line":10},"1":{"name":"(anonymous_1)","decl":{"start":{"line":19,"column":18},"end":{"line":19,"column":19}},"loc":{"start":{"line":19,"column":36},"end":{"line":33,"column":3}},"line":19},"2":{"name":"(anonymous_2)","decl":{"start":{"line":23,"column":31},"end":{"line":23,"column":32}},"loc":{"start":{"line":23,"column":42},"end":{"line":32,"column":5}},"line":23}},"branchMap":{},"s":{"0":1,"1":1,"2":1,"3":1,"4":1,"5":2,"6":2,"7":2,"8":2,"9":8,"10":8,"11":8,"12":360,"13":360,"14":360,"15":360,"16":2,"17":1},"f":{"0":2,"1":8,"2":360},"b":{},"_coverageSchema":"1a1c01bbd47fc00a2c39e90264f33305004495a9","hash":"4c9f899b07c23354dd92604514c67ef9c53e6234"}
,"/home/adam/projects/SC_Testing_Project/Webscrapers/AlibabaScrapper/axiosRequests.js": {"path":"/home/adam/projects/SC_Testing_Project/Webscrapers/AlibabaScrapper/axiosRequests.js","statementMap":{"0":{"start":{"line":1,"column":14},"end":{"line":1,"column":30}},"1":{"start":{"line":8,"column":22},"end":{"line":18,"column":1}},"2":{"start":{"line":9,"column":23},"end":{"line":9,"column":25}},"3":{"start":{"line":10,"column":2},"end":{"line":16,"column":3}},"4":{"start":{"line":10,"column":15},"end":{"line":10,"column":16}},"5":{"start":{"line":11,"column":4},"end":{"line":15,"column":6}},"6":{"start":{"line":17,"column":2},"end":{"line":17,"column":22}},"7":{"start":{"line":20,"column":0},"end":{"line":20,"column":31}}},"fnMap":{"0":{"name":"(anonymous_0)","decl":{"start":{"line":8,"column":22},"end":{"line":8,"column":23}},"loc":{"start":{"line":8,"column":28},"end":{"line":18,"column":1}},"line":8}},"branchMap":{},"s":{"0":1,"1":1,"2":2,"3":2,"4":2,"5":8,"6":2,"7":1},"f":{"0":2},"b":{},"_coverageSchema":"1a1c01bbd47fc00a2c39e90264f33305004495a9","hash":"349ecb85aaf44a853603fad1a4eb21555eab8fbc"}
}
