TN:
SF:alibaba.js
FN:10,(anonymous_0)
FN:19,(anonymous_1)
FN:23,(anonymous_2)
FNF:3
FNH:3
FNDA:2,(anonymous_0)
FNDA:8,(anonymous_1)
FNDA:360,(anonymous_2)
DA:1,1
DA:2,1
DA:3,1
DA:4,1
DA:10,1
DA:12,2
DA:13,2
DA:16,2
DA:19,2
DA:20,8
DA:21,8
DA:23,8
DA:24,360
DA:26,360
DA:28,360
DA:31,360
DA:35,2
DA:38,1
LF:18
LH:18
BRF:0
BRH:0
end_of_record
TN:
SF:axiosRequests.js
FN:8,(anonymous_0)
FNF:1
FNH:1
FNDA:2,(anonymous_0)
DA:1,1
DA:8,1
DA:9,2
DA:10,2
DA:11,8
DA:17,2
DA:20,1
LF:7
LH:7
BRF:0
BRH:0
end_of_record
