<?xml version="1.0" encoding="UTF-8"?>
<coverage generated="1641625119531" clover="3.2.0">
  <project timestamp="1641625119531" name="All files">
    <metrics statements="25" coveredstatements="25" conditionals="0" coveredconditionals="0" methods="4" coveredmethods="4" elements="29" coveredelements="29" complexity="0" loc="25" ncloc="25" packages="1" files="2" classes="2"/>
    <file name="axiosRequests.js" path="/home/adam/projects/SC_Testing_Project/Webscrapers/NoonScraper/axiosRequests.js">
      <metrics statements="7" coveredstatements="7" conditionals="0" coveredconditionals="0" methods="1" coveredmethods="1"/>
      <line num="1" count="1" type="stmt"/>
      <line num="8" count="1" type="stmt"/>
      <line num="9" count="2" type="stmt"/>
      <line num="10" count="2" type="stmt"/>
      <line num="11" count="6" type="stmt"/>
      <line num="15" count="2" type="stmt"/>
      <line num="18" count="1" type="stmt"/>
    </file>
    <file name="noon.js" path="/home/adam/projects/SC_Testing_Project/Webscrapers/NoonScraper/noon.js">
      <metrics statements="18" coveredstatements="18" conditionals="0" coveredconditionals="0" methods="3" coveredmethods="3"/>
      <line num="1" count="1" type="stmt"/>
      <line num="2" count="1" type="stmt"/>
      <line num="3" count="1" type="stmt"/>
      <line num="10" count="1" type="stmt"/>
      <line num="12" count="2" type="stmt"/>
      <line num="13" count="2" type="stmt"/>
      <line num="16" count="2" type="stmt"/>
      <line num="18" count="2" type="stmt"/>
      <line num="19" count="6" type="stmt"/>
      <line num="20" count="6" type="stmt"/>
      <line num="22" count="6" type="stmt"/>
      <line num="24" count="600" type="stmt"/>
      <line num="27" count="600" type="stmt"/>
      <line num="30" count="600" type="stmt"/>
      <line num="33" count="600" type="stmt"/>
      <line num="40" count="2" type="stmt"/>
      <line num="41" count="2" type="stmt"/>
      <line num="44" count="1" type="stmt"/>
    </file>
  </project>
</coverage>
