{"/home/adam/projects/SC_Testing_Project/Webscrapers/NoonScraper/axiosRequests.js": {"path":"/home/adam/projects/SC_Testing_Project/Webscrapers/NoonScraper/axiosRequests.js","statementMap":{"0":{"start":{"line":1,"column":14},"end":{"line":1,"column":30}},"1":{"start":{"line":8,"column":22},"end":{"line":16,"column":1}},"2":{"start":{"line":9,"column":23},"end":{"line":9,"column":25}},"3":{"start":{"line":10,"column":2},"end":{"line":14,"column":3}},"4":{"start":{"line":10,"column":15},"end":{"line":10,"column":16}},"5":{"start":{"line":11,"column":4},"end":{"line":13,"column":6}},"6":{"start":{"line":15,"column":2},"end":{"line":15,"column":22}},"7":{"start":{"line":18,"column":0},"end":{"line":18,"column":31}}},"fnMap":{"0":{"name":"(anonymous_0)","decl":{"start":{"line":8,"column":22},"end":{"line":8,"column":23}},"loc":{"start":{"line":8,"column":28},"end":{"line":16,"column":1}},"line":8}},"branchMap":{},"s":{"0":1,"1":1,"2":2,"3":2,"4":2,"5":6,"6":2,"7":1},"f":{"0":2},"b":{},"_coverageSchema":"1a1c01bbd47fc00a2c39e90264f33305004495a9","hash":"3551425c86cc6a56b198d7f52dae7509e74a6747"}
,"/home/adam/projects/SC_Testing_Project/Webscrapers/NoonScraper/noon.js": {"path":"/home/adam/projects/SC_Testing_Project/Webscrapers/NoonScraper/noon.js","statementMap":{"0":{"start":{"line":1,"column":16},"end":{"line":1,"column":34}},"1":{"start":{"line":2,"column":14},"end":{"line":2,"column":30}},"2":{"start":{"line":3,"column":22},"end":{"line":3,"column":48}},"3":{"start":{"line":10,"column":20},"end":{"line":42,"column":1}},"4":{"start":{"line":12,"column":24},"end":{"line":12,"column":26}},"5":{"start":{"line":13,"column":23},"end":{"line":13,"column":38}},"6":{"start":{"line":16,"column":18},"end":{"line":16,"column":49}},"7":{"start":{"line":18,"column":2},"end":{"line":39,"column":5}},"8":{"start":{"line":19,"column":17},"end":{"line":19,"column":34}},"9":{"start":{"line":20,"column":14},"end":{"line":20,"column":32}},"10":{"start":{"line":22,"column":4},"end":{"line":38,"column":7}},"11":{"start":{"line":24,"column":20},"end":{"line":24,"column":52}},"12":{"start":{"line":27,"column":20},"end":{"line":27,"column":71}},"13":{"start":{"line":30,"column":19},"end":{"line":30,"column":72}},"14":{"start":{"line":33,"column":6},"end":{"line":37,"column":9}},"15":{"start":{"line":40,"column":2},"end":{"line":40,"column":36}},"16":{"start":{"line":41,"column":2},"end":{"line":41,"column":23}},"17":{"start":{"line":44,"column":0},"end":{"line":44,"column":29}}},"fnMap":{"0":{"name":"(anonymous_0)","decl":{"start":{"line":10,"column":20},"end":{"line":10,"column":21}},"loc":{"start":{"line":10,"column":32},"end":{"line":42,"column":1}},"line":10},"1":{"name":"(anonymous_1)","decl":{"start":{"line":18,"column":18},"end":{"line":18,"column":19}},"loc":{"start":{"line":18,"column":36},"end":{"line":39,"column":3}},"line":18},"2":{"name":"(anonymous_2)","decl":{"start":{"line":22,"column":32},"end":{"line":22,"column":33}},"loc":{"start":{"line":22,"column":43},"end":{"line":38,"column":5}},"line":22}},"branchMap":{},"s":{"0":1,"1":1,"2":1,"3":1,"4":2,"5":2,"6":2,"7":2,"8":6,"9":6,"10":6,"11":600,"12":600,"13":600,"14":600,"15":2,"16":2,"17":1},"f":{"0":2,"1":6,"2":600},"b":{},"_coverageSchema":"1a1c01bbd47fc00a2c39e90264f33305004495a9","hash":"bd2520d49402fd711b8a44fbd7b324ca271eee18"}
}
