TN:
SF:axiosRequests.js
FN:8,(anonymous_0)
FNF:1
FNH:1
FNDA:2,(anonymous_0)
DA:1,1
DA:8,1
DA:9,2
DA:10,2
DA:11,6
DA:15,2
DA:18,1
LF:7
LH:7
BRF:0
BRH:0
end_of_record
TN:
SF:noon.js
FN:10,(anonymous_0)
FN:18,(anonymous_1)
FN:22,(anonymous_2)
FNF:3
FNH:3
FNDA:2,(anonymous_0)
FNDA:6,(anonymous_1)
FNDA:600,(anonymous_2)
DA:1,1
DA:2,1
DA:3,1
DA:10,1
DA:12,2
DA:13,2
DA:16,2
DA:18,2
DA:19,6
DA:20,6
DA:22,6
DA:24,600
DA:27,600
DA:30,600
DA:33,600
DA:40,2
DA:41,2
DA:44,1
LF:18
LH:18
BRF:0
BRH:0
end_of_record
