<?xml version="1.0" encoding="UTF-8"?>
<coverage generated="1641621935071" clover="3.2.0">
  <project timestamp="1641621935071" name="All files">
    <metrics statements="25" coveredstatements="25" conditionals="2" coveredconditionals="2" methods="4" coveredmethods="4" elements="31" coveredelements="31" complexity="0" loc="25" ncloc="25" packages="1" files="2" classes="2"/>
    <file name="amazon.js" path="/home/adam/projects/SC_Testing_Project/Webscrapers/AmazonScraper/amazon.js">
      <metrics statements="18" coveredstatements="18" conditionals="2" coveredconditionals="2" methods="3" coveredmethods="3"/>
      <line num="1" count="1" type="stmt"/>
      <line num="2" count="1" type="stmt"/>
      <line num="9" count="1" type="stmt"/>
      <line num="11" count="2" type="stmt"/>
      <line num="12" count="2" type="stmt"/>
      <line num="15" count="2" type="stmt"/>
      <line num="18" count="2" type="stmt"/>
      <line num="19" count="8" type="stmt"/>
      <line num="20" count="8" type="stmt"/>
      <line num="22" count="8" type="stmt"/>
      <line num="23" count="136" type="cond" truecount="2" falsecount="0"/>
      <line num="24" count="8" type="stmt"/>
      <line num="26" count="128" type="stmt"/>
      <line num="32" count="128" type="stmt"/>
      <line num="39" count="128" type="stmt"/>
      <line num="47" count="128" type="stmt"/>
      <line num="56" count="2" type="stmt"/>
      <line num="59" count="1" type="stmt"/>
    </file>
    <file name="axiosRequests.js" path="/home/adam/projects/SC_Testing_Project/Webscrapers/AmazonScraper/axiosRequests.js">
      <metrics statements="7" coveredstatements="7" conditionals="0" coveredconditionals="0" methods="1" coveredmethods="1"/>
      <line num="1" count="1" type="stmt"/>
      <line num="8" count="1" type="stmt"/>
      <line num="9" count="2" type="stmt"/>
      <line num="10" count="2" type="stmt"/>
      <line num="11" count="8" type="stmt"/>
      <line num="17" count="2" type="stmt"/>
      <line num="20" count="1" type="stmt"/>
    </file>
  </project>
</coverage>
