{"/home/adam/projects/SC_Testing_Project/Webscrapers/AmazonScraper/amazon.js": {"path":"/home/adam/projects/SC_Testing_Project/Webscrapers/AmazonScraper/amazon.js","statementMap":{"0":{"start":{"line":1,"column":16},"end":{"line":1,"column":34}},"1":{"start":{"line":2,"column":26},"end":{"line":2,"column":52}},"2":{"start":{"line":9,"column":22},"end":{"line":57,"column":1}},"3":{"start":{"line":11,"column":23},"end":{"line":11,"column":38}},"4":{"start":{"line":12,"column":24},"end":{"line":12,"column":26}},"5":{"start":{"line":15,"column":18},"end":{"line":15,"column":49}},"6":{"start":{"line":18,"column":2},"end":{"line":54,"column":5}},"7":{"start":{"line":19,"column":17},"end":{"line":19,"column":34}},"8":{"start":{"line":20,"column":14},"end":{"line":20,"column":32}},"9":{"start":{"line":22,"column":4},"end":{"line":53,"column":7}},"10":{"start":{"line":23,"column":6},"end":{"line":52,"column":7}},"11":{"start":{"line":24,"column":8},"end":{"line":24,"column":21}},"12":{"start":{"line":26,"column":22},"end":{"line":30,"column":17}},"13":{"start":{"line":32,"column":22},"end":{"line":36,"column":17}},"14":{"start":{"line":39,"column":10},"end":{"line":44,"column":25}},"15":{"start":{"line":47,"column":8},"end":{"line":51,"column":11}},"16":{"start":{"line":56,"column":2},"end":{"line":56,"column":23}},"17":{"start":{"line":59,"column":0},"end":{"line":59,"column":31}}},"fnMap":{"0":{"name":"(anonymous_0)","decl":{"start":{"line":9,"column":22},"end":{"line":9,"column":23}},"loc":{"start":{"line":9,"column":34},"end":{"line":57,"column":1}},"line":9},"1":{"name":"(anonymous_1)","decl":{"start":{"line":18,"column":18},"end":{"line":18,"column":19}},"loc":{"start":{"line":18,"column":36},"end":{"line":54,"column":3}},"line":18},"2":{"name":"(anonymous_2)","decl":{"start":{"line":22,"column":22},"end":{"line":22,"column":23}},"loc":{"start":{"line":22,"column":33},"end":{"line":53,"column":5}},"line":22}},"branchMap":{"0":{"loc":{"start":{"line":23,"column":6},"end":{"line":52,"column":7}},"type":"if","locations":[{"start":{"line":23,"column":6},"end":{"line":52,"column":7}},{"start":{"line":25,"column":13},"end":{"line":52,"column":7}}],"line":23}},"s":{"0":1,"1":1,"2":1,"3":2,"4":2,"5":2,"6":2,"7":8,"8":8,"9":8,"10":136,"11":8,"12":128,"13":128,"14":128,"15":128,"16":2,"17":1},"f":{"0":2,"1":8,"2":136},"b":{"0":[8,128]},"_coverageSchema":"1a1c01bbd47fc00a2c39e90264f33305004495a9","hash":"35712b935f61c1280049b594797a11c22f438e74"}
,"/home/adam/projects/SC_Testing_Project/Webscrapers/AmazonScraper/axiosRequests.js": {"path":"/home/adam/projects/SC_Testing_Project/Webscrapers/AmazonScraper/axiosRequests.js","statementMap":{"0":{"start":{"line":1,"column":14},"end":{"line":1,"column":30}},"1":{"start":{"line":8,"column":22},"end":{"line":18,"column":1}},"2":{"start":{"line":9,"column":23},"end":{"line":9,"column":25}},"3":{"start":{"line":10,"column":2},"end":{"line":16,"column":3}},"4":{"start":{"line":10,"column":15},"end":{"line":10,"column":16}},"5":{"start":{"line":11,"column":4},"end":{"line":15,"column":6}},"6":{"start":{"line":17,"column":2},"end":{"line":17,"column":22}},"7":{"start":{"line":20,"column":0},"end":{"line":20,"column":38}}},"fnMap":{"0":{"name":"(anonymous_0)","decl":{"start":{"line":8,"column":22},"end":{"line":8,"column":23}},"loc":{"start":{"line":8,"column":28},"end":{"line":18,"column":1}},"line":8}},"branchMap":{},"s":{"0":1,"1":1,"2":2,"3":2,"4":2,"5":8,"6":2,"7":1},"f":{"0":2},"b":{},"_coverageSchema":"1a1c01bbd47fc00a2c39e90264f33305004495a9","hash":"76f4c9039c70ec83526671a40fbe93a18176d03b"}
}
