TN:
SF:amazon.js
FN:9,(anonymous_0)
FN:18,(anonymous_1)
FN:22,(anonymous_2)
FNF:3
FNH:3
FNDA:2,(anonymous_0)
FNDA:8,(anonymous_1)
FNDA:136,(anonymous_2)
DA:1,1
DA:2,1
DA:9,1
DA:11,2
DA:12,2
DA:15,2
DA:18,2
DA:19,8
DA:20,8
DA:22,8
DA:23,136
DA:24,8
DA:26,128
DA:32,128
DA:39,128
DA:47,128
DA:56,2
DA:59,1
LF:18
LH:18
BRDA:23,0,0,8
BRDA:23,0,1,128
BRF:2
BRH:2
end_of_record
TN:
SF:axiosRequests.js
FN:8,(anonymous_0)
FNF:1
FNH:1
FNDA:2,(anonymous_0)
DA:1,1
DA:8,1
DA:9,2
DA:10,2
DA:11,8
DA:17,2
DA:20,1
LF:7
LH:7
BRF:0
BRH:0
end_of_record
